  2177 3.625        0   2 EEG 001 : 43.3 uV > 40.0 uV [omit]
  2545 4.237        0   3 [ok]
  2971 4.947        0   1 [ok]
  3419 5.692        0   4 [ok]
  3852 6.413        0   2 EEG 007 : 52.2 uV > 40.0 uV [omit]
  4225 7.034        0   3 [ok]
  4650 7.742        0   1 [ok]
  5039 8.390        0   4 [ok]
  5440 9.057        0   2 [ok]
  5865 9.765        0   3 [ok]
  6301 10.491       0   1 [ok]
  6719 11.187       0   4 [ok]
  7135 11.879       0   2 [ok]
  7525 12.529       0   3 [ok]
  7912 13.173       0   1 [ok]
  8732 14.538       0   2 EEG 001 : 163.2 uV > 40.0 uV [omit]
  9156 15.244       0   3 [ok]
  9628 16.030       0   1 [ok]
 10050 16.733       0   4 [ok]
 10411 17.334       0   2 [ok]
 10776 17.942       0   3 [ok]
 11207 18.659       0   1 [ok]
 11660 19.413       0   4 [ok]
 12110 20.163       0   2 [ok]
 12526 20.855       0   3 [ok]
 12911 21.496       0   1 [ok]
 13330 22.194       0   4 [ok]
 13763 22.915       0   2 EEG 001 : 41.4 uV > 40.0 uV [omit]
 14126 23.519       0   3 [ok]
 14605 24.317       0   1 [ok]
 15080 25.108       0   4 EEG 051 : 40.8 uV > 40.0 uV [omit]
 15460 25.740       0   2 [ok]
 15846 26.383       0   3 [ok]
 16326 27.182       0   1 [ok]
 17160 28.571       0   2 [ok]
 17546 29.213       0   3 [ok]
 17981 29.938       0   1 [ok]
 18370 30.585       0   4 EEG 001 : 100.0 uV > 40.0 uV [omit]
 18849 31.383       0   2 [ok]
 19315 32.159       0   3 EEG 001 : 49.3 uV > 40.0 uV [omit]
 19686 32.776       0   1 EEG 001 : 53.3 uV > 40.0 uV [omit]
 20060 33.399       0   4 [ok]
 20440 34.032       0   2 [ok]
 20886 34.774       0   3 [ok]
 21295 35.455       0   1 EEG 007 : 43.6 uV > 40.0 uV [omit]
 21730 36.180       0   4 [ok]
 22095 36.787       0   2 [ok]
 22487 37.440       0   3 [ok]
 22922 38.164       0   1 [ok]
 23301 38.795       0   4 [ok]
 23669 39.408       0   2 [ok]
 24097 40.121       0   3 [ok]
 24469 40.740       0   1 [ok]
 24882 41.428       0   4 [ok]
 25246 42.034       0   2 [ok]
 26081 43.424       0   1 [ok]
 26452 44.042       0   4 EEG 001 : 68.8 uV > 40.0 uV [omit]
 26875 44.746       0   2 [ok]
 27318 45.483       0   3 EEG 001 : 59.6 uV > 40.0 uV [omit]
 27694 46.109       0   1 EEG 001 : 45.2 uV > 40.0 uV [omit]
 28112 46.805       0   4 [ok]
 28520 47.485       0   2 [ok]
 28899 48.116       0   3 EEG 001 : 50.2 uV > 40.0 uV [omit]
 29300 48.783       0   1 [ok]
 29663 49.388       0   4 [ok]
 30078 50.079       0   2 EEG 007 : 45.7 uV > 40.0 uV [omit]
 30469 50.730       0   3 [ok]
 30917 51.476       0   1 [ok]
 31383 52.251       0   4 [ok]
 31812 52.966       0   2 [ok]
 32279 53.743       0   3 [ok]
 32648 54.358       0   1 [ok]
 33113 55.132       0   4 [ok]
 33939 56.507       0   3 EEG 001 : 53.3 uV > 40.0 uV [omit]
 34329 57.156       0   1 EEG 001 : 65.2 uV > 40.0 uV [omit]
 34763 57.879       0   4 EEG 001 : 70.0 uV > 40.0 uV [omit]
 35235 58.665       0   2 [ok]
 35658 59.369       0   3 EEG 001 : 68.0 uV > 40.0 uV [omit]
 36068 60.052       0   1 EEG 001 : 64.5 uV > 40.0 uV [omit]
 36483 60.743       0   4 EEG 003 : 41.4 uV > 40.0 uV [omit]
 36882 61.407       0   2 EEG 009 : 45.9 uV > 40.0 uV [omit]
 37269 62.051       0   3 EEG 001 : 43.5 uV > 40.0 uV [omit]
 37732 62.822       0   1 [ok]
 38123 63.473       0   4 [ok]
 38587 64.246       0   2 EEG 009 : 42.1 uV > 40.0 uV [omit]
 38969 64.882       0   3 [ok]
 39381 65.568       0   1 EEG 001 : 40.3 uV > 40.0 uV [omit]
 39843 66.337       0   4 EEG 023 : 41.0 uV > 40.0 uV [omit]
 40271 67.050       0   2 [ok]
 40738 67.827       0   3 [ok]
 41164 68.536       0   1 [ok]
 42011 69.947       0   2 [ok]
 42398 70.591       0   3 EEG 001 : 61.8 uV > 40.0 uV [omit]
 42866 71.370       0   1 EEG 001 : 61.0 uV > 40.0 uV [omit]
 43263 72.031       0   4 EEG 001 : 69.1 uV > 40.0 uV [omit]
 43658 72.689       0   2 EEG 001 : 40.1 uV > 40.0 uV [omit]
 44059 73.356       0   3 [ok]
 44459 74.022       0   1 EEG 015 : 45.9 uV > 40.0 uV [omit]
 44863 74.695       0   4 EEG 001 : 43.8 uV > 40.0 uV [omit]
 45328 75.469       0   2 [ok]
 45808 76.268       0   3 EEG 007 : 53.8 uV > 40.0 uV [omit]
 46191 76.906       0   1 EEG 015 : 43.3 uV > 40.0 uV [omit]
 46642 77.657       0   4 [ok]
 47024 78.293       0   2 [ok]
 47458 79.016       0   3 [ok]
 47918 79.782       0   1 EEG 008 : 40.5 uV > 40.0 uV [omit]
 48372 80.537       0   4 [ok]
 48740 81.150       0   2 EEG 004 : 40.7 uV > 40.0 uV [omit]
 49119 81.781       0   3 EEG 025 : 98.9 uV > 40.0 uV [omit]
 49924 83.121       0   4 [ok]
 50286 83.724       0   2 EEG 001 : 58.6 uV > 40.0 uV [omit]
 50679 84.379       0   3 [ok]
 51094 85.069       0   1 MEG 1711 : 9323.5 fT > 4000.0 fT [omit]
 51504 85.752       0   4 [ok]
 51882 86.381       0   2 [ok]
 52330 87.127       0   3 [ok]
 52739 87.808       0   1 EEG 004 : 40.5 uV > 40.0 uV [omit]
 53134 88.466       0   4 [ok]
 53561 89.177       0   2 EEG 015 : 45.5 uV > 40.0 uV [omit]
 54019 89.939       0   3 [ok]
 54409 90.589       0   1 EEG 007 : 43.2 uV > 40.0 uV [omit]
 54824 91.280       0   4 EEG 001 : 43.9 uV > 40.0 uV [omit]
 55217 91.934       0   2 EEG 004 : 54.0 uV > 40.0 uV [omit]
 55640 92.638       0   3 EEG 004 : 47.3 uV > 40.0 uV [omit]
 56111 93.423       0   1 [ok]
 56534 94.127       0   4 EEG 007 : 44.7 uV > 40.0 uV [omit]
 56915 94.761       0   2 [ok]
 57350 95.485       0   3 EEG 007 : 41.5 uV > 40.0 uV [omit]
 57768 96.181       0   1 EEG 001 : 41.1 uV > 40.0 uV [omit]
 58184 96.874       0   4 [ok]
 58646 97.643       0   2 EEG 004 : 45.7 uV > 40.0 uV [omit]
 59499 99.063       0   1 EEG 004 : 43.6 uV > 40.0 uV [omit]
 59864 99.671       0   4 EEG 004 : 45.5 uV > 40.0 uV [omit]
 60307 100.409      0   2 EEG 004 : 41.4 uV > 40.0 uV [omit]
 60720 101.096      0   3 EEG 004 : 52.0 uV > 40.0 uV [omit]
 61171 101.847      0   1 EEG 001 : 66.2 uV > 40.0 uV [omit]
 61554 102.485      0   4 EEG 001 : 71.9 uV > 40.0 uV [omit]
 61924 103.101      0   2 EEG 018 : 46.3 uV > 40.0 uV [omit]
 62350 103.810      0   3 EEG 007 : 44.0 uV > 40.0 uV [omit]
 62793 104.548      0   1 EEG 004 : 44.1 uV > 40.0 uV [omit]
 63224 105.265      0   4 EEG 007 : 43.1 uV > 40.0 uV [omit]
 63696 106.051      0   2 [ok]
 64149 106.806      0   3 [ok]
 64619 107.588      0   1 EEG 007 : 56.5 uV > 40.0 uV [omit]
 65013 108.244      0   4 [ok]
 65394 108.878      0   2 [ok]
 65800 109.554      0   3 EEG 004 : 41.3 uV > 40.0 uV [omit]
 66238 110.284      0   1 EEG 004 : 43.9 uV > 40.0 uV [omit]
 66614 110.910      0   4 EEG 001 : 42.4 uV > 40.0 uV [omit]
 67470 112.335      0   3 [ok]
 67869 112.999      0   1 EEG 007 : 41.7 uV > 40.0 uV [omit]
 68294 113.707      0   4 [ok]
 68741 114.451      0   2 [ok]
 69160 115.149      0   3 EEG 009 : 42.7 uV > 40.0 uV [omit]
 69635 115.939      0   1 [ok]
 70083 116.685      0   4 EEG 004 : 41.1 uV > 40.0 uV [omit]
 70529 117.428      0   2 EEG 007 : 42.2 uV > 40.0 uV [omit]
 70989 118.194      0   3 [ok]
 71434 118.935      0   1 [ok]
 71903 119.716      0   4 EEG 007 : 49.7 uV > 40.0 uV [omit]
 72313 120.398      0   2 EEG 001 : 56.9 uV > 40.0 uV [omit]
 72699 121.041      0   3 EEG 007 : 42.0 uV > 40.0 uV [omit]
 73103 121.714      0   1 EEG 015 : 41.1 uV > 40.0 uV [omit]
 73563 122.479      0   4 EEG 004 : 49.9 uV > 40.0 uV [omit]
 73995 123.199      0   2 EEG 009 : 46.2 uV > 40.0 uV [omit]
 74359 123.805      0   3 EEG 001 : 53.1 uV > 40.0 uV [omit]
 74820 124.572      0   1 [ok]
 75668 125.984      0   2 EEG 008 : 49.7 uV > 40.0 uV [omit]
 76108 126.717      0   3 EEG 008 : 41.2 uV > 40.0 uV [omit]
 76488 127.349      0   1 EEG 008 : 43.4 uV > 40.0 uV [omit]
 76913 128.057      0   4 EEG 001 : 92.0 uV > 40.0 uV [omit]
 77392 128.855      0   2 EEG 023 : 50.8 uV > 40.0 uV [omit]
 77788 129.514      0   3 EEG 001 : 47.6 uV > 40.0 uV [omit]
 78233 130.255      0   1 EEG 007 : 41.8 uV > 40.0 uV [omit]
 78633 130.921      0   4 [ok]
 79109 131.713      0   2 EEG 001 : 44.3 uV > 40.0 uV [omit]
 79548 132.444      0   3 [ok]
 79960 133.130      0   1 [ok]
 80372 133.816      0   4 EEG 001 : 56.4 uV > 40.0 uV [omit]
 80820 134.562      0   2 EEG 001 : 74.5 uV > 40.0 uV [omit]
 81188 135.175      0   3 [ok]
 81555 135.786      0   1 [ok]
 81943 136.432      0   4 [ok]
 82370 137.143      0   2 EEG 007 : 46.6 uV > 40.0 uV [omit]
 82819 137.890      0   3 EEG 001 : 45.9 uV > 40.0 uV [omit]
 83564 139.131      0   4 [ok]
 83941 139.758      0   2 [ok]
 84409 140.538      0   3 EEG 015 : 46.7 uV > 40.0 uV [omit]
 84774 141.145      0   1 EEG 004 : 50.3 uV > 40.0 uV [omit]
 85204 141.861      0   4 EEG 001 : 75.3 uV > 40.0 uV [omit]
 85640 142.587      0   2 EEG 001 : 88.7 uV > 40.0 uV [omit]
 86039 143.251      0   3 EEG 007 : 43.3 uV > 40.0 uV [omit]
 86492 144.006      0   1 EEG 015 : 52.1 uV > 40.0 uV [omit]
 86943 144.757      0   4 EEG 001 : 68.0 uV > 40.0 uV [omit]
 87340 145.418      0   2 EEG 018 : 42.0 uV > 40.0 uV [omit]
 87789 146.165      0   3 EEG 004 : 48.3 uV > 40.0 uV [omit]
 88152 146.770      0   1 [ok]
 88524 147.389      0   4 EEG 001 : 93.7 uV > 40.0 uV [omit]
 88940 148.082      0   2 EEG 001 : 43.7 uV > 40.0 uV [omit]
 89360 148.781      0   3 [ok]
 89819 149.545      0   1 EEG 007 : 45.0 uV > 40.0 uV [omit]
 90283 150.318      0   4 EEG 015 : 40.8 uV > 40.0 uV [omit]
 90727 151.057      0   2 EEG 004 : 47.4 uV > 40.0 uV [omit]
 91129 151.726      0   3 EEG 007 : 41.1 uV > 40.0 uV [omit]
 91504 152.351      0   1 [ok]
 91914 153.033      0   4 EEG 005 : 44.7 uV > 40.0 uV [omit]
 92680 154.309      0   3 [ok]
 93079 154.973      0   1 [ok]
 93435 155.566      0   4 [ok]
 93896 156.333      0   2 [ok]
 94310 157.022      0   3 EEG 001 : 41.6 uV > 40.0 uV [omit]
 94739 157.737      0   1 [ok]
 95184 158.478      0   4 [ok]
 95592 159.157      0   2 EEG 004 : 42.8 uV > 40.0 uV [omit]
 96000 159.836      0   3 [ok]
 96418 160.532      0   1 EEG 001 : 41.0 uV > 40.0 uV [omit]
 96884 161.308      0   4 EEG 001 : 45.8 uV > 40.0 uV [omit]
 97265 161.942      0   2 [ok]
 97651 162.585      0   3 [ok]
 98131 163.384      0   1 [ok]
 98604 164.172      0   4 EEG 018 : 46.6 uV > 40.0 uV [omit]
 99030 164.881      0   2 [ok]
 99500 165.664      0   3 [ok]
 99909 166.344      0   1 [ok]
100746 167.738      0   2 EEG 004 : 43.4 uV > 40.0 uV [omit]
101150 168.411      0   3 [ok]
101531 169.045      0   1 [ok]
101905 169.668      0   4 EEG 001 : 63.2 uV > 40.0 uV [omit]
102275 170.284      0   2 [ok]
102711 171.010      0   3 EEG 007 : 45.9 uV > 40.0 uV [omit]
103125 171.699      0   1 EEG 018 : 45.0 uV > 40.0 uV [omit]
103485 172.298      0   4 [ok]
103932 173.043      0   2 [ok]
104311 173.674      0   3 EEG 001 : 45.8 uV > 40.0 uV [omit]
104695 174.313      0   1 [ok]
105076 174.947      0   4 EEG 001 : 48.3 uV > 40.0 uV [omit]
105453 175.575      0   2 EEG 001 : 72.0 uV > 40.0 uV [omit]
105872 176.273      0   3 EEG 004 : 42.6 uV > 40.0 uV [omit]
106281 176.954      0   1 EEG 004 : 40.9 uV > 40.0 uV [omit]
106756 177.744      0   4 EEG 001 : 46.8 uV > 40.0 uV [omit]
107174 178.440      0   2 EEG 009 : 40.5 uV > 40.0 uV [omit]
107651 179.235      0   3 EEG 004 : 42.3 uV > 40.0 uV [omit]
108516 180.675      0   4 EEG 004 : 44.4 uV > 40.0 uV [omit]
108929 181.362      0   2 EEG 003 : 41.7 uV > 40.0 uV [omit]
109301 181.982      0   3 EEG 004 : 43.8 uV > 40.0 uV [omit]
109733 182.701      0   1 EEG 004 : 62.1 uV > 40.0 uV [omit]
110116 183.339      0   4 EEG 002 : 41.4 uV > 40.0 uV [omit]
110485 183.953      0   2 EEG 004 : 49.8 uV > 40.0 uV [omit]
110922 184.681      0   3 EEG 001 : 46.5 uV > 40.0 uV [omit]
111333 185.365      0   1 EEG 007 : 40.3 uV > 40.0 uV [omit]
111776 186.103      0   4 EEG 001 : 86.8 uV > 40.0 uV [omit]
112193 186.797      0   2 EEG 007 : 40.6 uV > 40.0 uV [omit]
112612 187.494      0   3 EEG 001 : 48.0 uV > 40.0 uV [omit]
113036 188.200      0   1 [ok]
113506 188.983      0   4 EEG 001 : 58.2 uV > 40.0 uV [omit]
113937 189.701      0   2 [ok]
114391 190.456      0   3 EEG 004 : 47.2 uV > 40.0 uV [omit]
114812 191.157      0   1 EEG 001 : 107.7 uV > 40.0 uV [omit]
115285 191.945      0   4 EEG 004 : 41.5 uV > 40.0 uV [omit]
115762 192.739      0   2 EEG 001 : 52.3 uV > 40.0 uV [omit]
116181 193.437      0   3 EEG 023 : 40.3 uV > 40.0 uV [omit]
117026 194.844      0   4 EEG 001 : 44.0 uV > 40.0 uV [omit]
117418 195.496      0   2 [ok]
117871 196.251      0   3 EEG 001 : 43.9 uV > 40.0 uV [omit]
118271 196.917      0   1 [ok]
118745 197.706      0   4 EEG 007 : 42.1 uV > 40.0 uV [omit]
119116 198.323      0   2 [ok]
119491 198.948      0   3 [ok]
119866 199.572      0   1 EEG 008 : 40.3 uV > 40.0 uV [omit]
120285 200.270      0   4 EEG 007 : 45.0 uV > 40.0 uV [omit]
120745 201.036      0   2 EEG 004 : 44.3 uV > 40.0 uV [omit]
121211 201.811      0   3 EEG 004 : 52.9 uV > 40.0 uV [omit]
121658 202.556      0   1 [ok]
122055 203.217      0   4 EEG 004 : 57.9 uV > 40.0 uV [omit]
122504 203.964      0   2 EEG 015 : 43.8 uV > 40.0 uV [omit]
122921 204.659      0   3 [ok]
123362 205.393      0   1 [ok]
123755 206.047      0   4 [ok]
124189 206.770      0   2 EEG 008 : 40.8 uV > 40.0 uV [omit]
124630 207.504      0   3 EEG 001 : 41.3 uV > 40.0 uV [omit]
125072 208.240      0   1 EEG 015 : 48.9 uV > 40.0 uV [omit]
125465 208.894      0   4 EEG 003 : 40.3 uV > 40.0 uV [omit]
125826 209.495      0   2 [ok]
126626 210.827      0   1 EEG 004 : 40.6 uV > 40.0 uV [omit]
127025 211.492      0   4 [ok]
127411 212.134      0   2 EEG 001 : 67.0 uV > 40.0 uV [omit]
127881 212.917      0   3 EEG 004 : 40.7 uV > 40.0 uV [omit]
128280 213.581      0   1 EEG 004 : 44.4 uV > 40.0 uV [omit]
128686 214.257      0   4 EEG 008 : 48.8 uV > 40.0 uV [omit]
