   2177 3.625        0   2 [Right Auditory] EOG 061 : 233.4 uV > 150.0 uV [omit]
   2545 4.237        0   3 [Left visual]
   2971 4.947        0   1 [Left Auditory]
   3419 5.692        0   4 [Right visual]
   3852 6.413        0   2 [Right Auditory]
   4225 7.034        0   3 [Left visual]
   4650 7.742        0   1 [Left Auditory]
   5039 8.390        0   4 [Right visual]
   5440 9.057        0   2 [Right Auditory]
   5865 9.765        0   3 [Left visual]
   6301 10.491       0   1 [Left Auditory]
   6719 11.187       0   4 [Right visual]
   7135 11.879       0   2 [Right Auditory]
   7525 12.529       0   3 [Left visual]
   7912 13.173       0   1 [Left Auditory]
   8732 14.538       0   2 [Right Auditory] EOG 061 : 531.5 uV > 150.0 uV [omit]
   9156 15.244       0   3 [Left visual]
   9628 16.030       0   1 [Left Auditory]
  10050 16.733       0   4 [Right visual]
  10411 17.334       0   2 [Right Auditory]
  10776 17.942       0   3 [Left visual]
  11207 18.659       0   1 [Left Auditory]
  11660 19.413       0   4 [Right visual]
  12110 20.163       0   2 [Right Auditory]
  12526 20.855       0   3 [Left visual]
  12911 21.496       0   1 [Left Auditory]
  13330 22.194       0   4 [Right visual]
  13763 22.915       0   2 [Right Auditory]
  14126 23.519       0   3 [Left visual]
  14605 24.317       0   1 [Left Auditory]
  15080 25.108       0   4 [Right visual]
  15460 25.740       0   2 [Right Auditory]
  15846 26.383       0   3 [Left visual]
  16326 27.182       0   1 [Left Auditory]
  17160 28.571       0   2 [Right Auditory]
  17546 29.213       0   3 [Left visual]
  17981 29.938       0   1 [Left Auditory]
  18370 30.585       0   4 [Right visual] EOG 061 : 341.7 uV > 150.0 uV [omit]
  18849 31.383       0   2 [Right Auditory]
  19315 32.159       0   3 [Left visual] EOG 061 : 187.5 uV > 150.0 uV [omit]
  19686 32.776       0   1 [Left Auditory] EOG 061 : 203.4 uV > 150.0 uV [omit]
  20060 33.399       0   4 [Right visual]
  20440 34.032       0   2 [Right Auditory]
  20886 34.774       0   3 [Left visual]
  21295 35.455       0   1 [Left Auditory]
  21730 36.180       0   4 [Right visual]
  22095 36.787       0   2 [Right Auditory]
  22487 37.440       0   3 [Left visual]
  22922 38.164       0   1 [Left Auditory]
  23301 38.795       0   4 [Right visual]
  23669 39.408       0   2 [Right Auditory]
  24097 40.121       0   3 [Left visual]
  24469 40.740       0   1 [Left Auditory]
  24882 41.428       0   4 [Right visual]
  25246 42.034       0   2 [Right Auditory]
  26081 43.424       0   1 [Left Auditory] EOG 061 : 200.5 uV > 150.0 uV [omit]
  26452 44.042       0   4 [Right visual] EOG 061 : 189.2 uV > 150.0 uV [omit]
  26875 44.746       0   2 [Right Auditory]
  27318 45.483       0   3 [Left visual]
  27694 46.109       0   1 [Left Auditory] EOG 061 : 171.4 uV > 150.0 uV [omit]
  28112 46.805       0   4 [Right visual]
  28520 47.485       0   2 [Right Auditory]
  28899 48.116       0   3 [Left visual]
  29300 48.783       0   1 [Left Auditory]
  29663 49.388       0   4 [Right visual]
  30078 50.079       0   2 [Right Auditory]
  30469 50.730       0   3 [Left visual]
  30917 51.476       0   1 [Left Auditory]
  31383 52.251       0   4 [Right visual]
  31812 52.966       0   2 [Right Auditory]
  32279 53.743       0   3 [Left visual]
  32648 54.358       0   1 [Left Auditory]
  33113 55.132       0   4 [Right visual]
  33939 56.507       0   3 [Left visual]
  34329 57.156       0   1 [Left Auditory]
  34763 57.879       0   4 [Right visual] EOG 061 : 194.5 uV > 150.0 uV [omit]
  35235 58.665       0   2 [Right Auditory] EOG 061 : 227.0 uV > 150.0 uV [omit]
  35658 59.369       0   3 [Left visual] EOG 061 : 182.2 uV > 150.0 uV [omit]
  36068 60.052       0   1 [Left Auditory] EOG 061 : 203.5 uV > 150.0 uV [omit]
  36483 60.743       0   4 [Right visual]
  36882 61.407       0   2 [Right Auditory]
  37269 62.051       0   3 [Left visual] EOG 061 : 166.3 uV > 150.0 uV [omit]
  37732 62.822       0   1 [Left Auditory]
  38123 63.473       0   4 [Right visual]
  38587 64.246       0   2 [Right Auditory]
  38969 64.882       0   3 [Left visual]
  39381 65.568       0   1 [Left Auditory]
  39843 66.337       0   4 [Right visual]
  40271 67.050       0   2 [Right Auditory]
  40738 67.827       0   3 [Left visual]
  41164 68.536       0   1 [Left Auditory]
  42011 69.947       0   2 [Right Auditory]
  42398 70.591       0   3 [Left visual]
  42866 71.370       0   1 [Left Auditory] EOG 061 : 172.6 uV > 150.0 uV [omit]
  43263 72.031       0   4 [Right visual]
  43658 72.689       0   2 [Right Auditory]
  44059 73.356       0   3 [Left visual]
  44459 74.022       0   1 [Left Auditory]
  44863 74.695       0   4 [Right visual]
  45328 75.469       0   2 [Right Auditory]
  45808 76.268       0   3 [Left visual]
  46191 76.906       0   1 [Left Auditory]
  46642 77.657       0   4 [Right visual]
  47024 78.293       0   2 [Right Auditory]
  47458 79.016       0   3 [Left visual]
  47918 79.782       0   1 [Left Auditory]
  48372 80.537       0   4 [Right visual]
  48740 81.150       0   2 [Right Auditory]
  49119 81.781       0   3 [Left visual]
  49924 83.121       0   4 [Right visual]
  50286 83.724       0   2 [Right Auditory]
  50679 84.379       0   3 [Left visual]
  51094 85.069       0   1 [Left Auditory] MEG 1711 : 9323.5 fT > 4000.0 fT [omit]
  51504 85.752       0   4 [Right visual]
  51882 86.381       0   2 [Right Auditory]
  52330 87.127       0   3 [Left visual]
  52739 87.808       0   1 [Left Auditory]
  53134 88.466       0   4 [Right visual]
  53561 89.177       0   2 [Right Auditory]
  54019 89.939       0   3 [Left visual]
  54409 90.589       0   1 [Left Auditory]
  54824 91.280       0   4 [Right visual]
  55217 91.934       0   2 [Right Auditory]
  55640 92.638       0   3 [Left visual]
  56111 93.423       0   1 [Left Auditory]
  56534 94.127       0   4 [Right visual] EOG 061 : 162.1 uV > 150.0 uV [omit]
  56915 94.761       0   2 [Right Auditory]
  57350 95.485       0   3 [Left visual]
  57768 96.181       0   1 [Left Auditory]
  58184 96.874       0   4 [Right visual]
  58646 97.643       0   2 [Right Auditory]
  59499 99.063       0   1 [Left Auditory]
  59864 99.671       0   4 [Right visual]
  60307 100.409      0   2 [Right Auditory] EOG 061 : 346.9 uV > 150.0 uV [omit]
  60720 101.096      0   3 [Left visual]
  61171 101.847      0   1 [Left Auditory] EOG 061 : 183.2 uV > 150.0 uV [omit]
  61554 102.485      0   4 [Right visual] EOG 061 : 201.2 uV > 150.0 uV [omit]
  61924 103.101      0   2 [Right Auditory]
  62350 103.810      0   3 [Left visual]
  62793 104.548      0   1 [Left Auditory]
  63224 105.265      0   4 [Right visual]
  63696 106.051      0   2 [Right Auditory]
  64149 106.806      0   3 [Left visual]
  64619 107.588      0   1 [Left Auditory]
  65013 108.244      0   4 [Right visual]
  65394 108.878      0   2 [Right Auditory]
  65800 109.554      0   3 [Left visual]
  66238 110.284      0   1 [Left Auditory]
  66614 110.910      0   4 [Right visual]
  67470 112.335      0   3 [Left visual]
  67869 112.999      0   1 [Left Auditory] EOG 061 : 280.7 uV > 150.0 uV [omit]
  68294 113.707      0   4 [Right visual]
  68741 114.451      0   2 [Right Auditory]
  69160 115.149      0   3 [Left visual]
  69635 115.939      0   1 [Left Auditory]
  70083 116.685      0   4 [Right visual]
  70529 117.428      0   2 [Right Auditory] MEG 1711 : 13790.0 fT > 4000.0 fT [omit]
  70989 118.194      0   3 [Left visual]
  71434 118.935      0   1 [Left Auditory]
  71903 119.716      0   4 [Right visual]
  72313 120.398      0   2 [Right Auditory]
  72699 121.041      0   3 [Left visual]
  73103 121.714      0   1 [Left Auditory] EOG 061 : 170.0 uV > 150.0 uV [omit]
  73563 122.479      0   4 [Right visual]
  73995 123.199      0   2 [Right Auditory] EOG 061 : 176.7 uV > 150.0 uV [omit]
  74359 123.805      0   3 [Left visual] EOG 061 : 232.6 uV > 150.0 uV [omit]
  74820 124.572      0   1 [Left Auditory]
  75668 125.984      0   2 [Right Auditory]
  76108 126.717      0   3 [Left visual]
  76488 127.349      0   1 [Left Auditory]
  76913 128.057      0   4 [Right visual] EOG 061 : 211.6 uV > 150.0 uV [omit]
  77392 128.855      0   2 [Right Auditory]
  77788 129.514      0   3 [Left visual]
  78233 130.255      0   1 [Left Auditory] EOG 061 : 178.7 uV > 150.0 uV [omit]
  78633 130.921      0   4 [Right visual]
  79109 131.713      0   2 [Right Auditory]
  79548 132.444      0   3 [Left visual]
  79960 133.130      0   1 [Left Auditory] EOG 061 : 247.5 uV > 150.0 uV [omit]
  80372 133.816      0   4 [Right visual]
  80820 134.562      0   2 [Right Auditory] EOG 061 : 188.1 uV > 150.0 uV [omit]
  81188 135.175      0   3 [Left visual]
  81555 135.786      0   1 [Left Auditory]
  81943 136.432      0   4 [Right visual]
  82370 137.143      0   2 [Right Auditory] EOG 061 : 166.1 uV > 150.0 uV [omit]
  82819 137.890      0   3 [Left visual]
  83564 139.131      0   4 [Right visual]
  83941 139.758      0   2 [Right Auditory] EOG 061 : 165.2 uV > 150.0 uV [omit]
  84409 140.538      0   3 [Left visual]
  84774 141.145      0   1 [Left Auditory] EOG 061 : 171.5 uV > 150.0 uV [omit]
  85204 141.861      0   4 [Right visual] EOG 061 : 210.5 uV > 150.0 uV [omit]
  85640 142.587      0   2 [Right Auditory] EOG 061 : 190.5 uV > 150.0 uV [omit]
  86039 143.251      0   3 [Left visual]
  86492 144.006      0   1 [Left Auditory] EOG 061 : 240.4 uV > 150.0 uV [omit]
  86943 144.757      0   4 [Right visual]
  87340 145.418      0   2 [Right Auditory]
  87789 146.165      0   3 [Left visual]
  88152 146.770      0   1 [Left Auditory]
  88524 147.389      0   4 [Right visual] EOG 061 : 241.1 uV > 150.0 uV [omit]
  88940 148.082      0   2 [Right Auditory]
  89360 148.781      0   3 [Left visual]
  89819 149.545      0   1 [Left Auditory]
  90283 150.318      0   4 [Right visual]
  90727 151.057      0   2 [Right Auditory]
  91129 151.726      0   3 [Left visual]
  91504 152.351      0   1 [Left Auditory]
  91914 153.033      0   4 [Right visual]
  92680 154.309      0   3 [Left visual] EOG 061 : 182.8 uV > 150.0 uV [omit]
  93079 154.973      0   1 [Left Auditory]
  93435 155.566      0   4 [Right visual]
  93896 156.333      0   2 [Right Auditory]
  94310 157.022      0   3 [Left visual]
  94739 157.737      0   1 [Left Auditory]
  95184 158.478      0   4 [Right visual]
  95592 159.157      0   2 [Right Auditory]
  96000 159.836      0   3 [Left visual]
  96418 160.532      0   1 [Left Auditory]
  96884 161.308      0   4 [Right visual]
  97265 161.942      0   2 [Right Auditory]
  97651 162.585      0   3 [Left visual]
  98131 163.384      0   1 [Left Auditory]
  98604 164.172      0   4 [Right visual]
  99030 164.881      0   2 [Right Auditory]
  99500 165.664      0   3 [Left visual]
  99909 166.344      0   1 [Left Auditory]
 100746 167.738      0   2 [Right Auditory]
 101150 168.411      0   3 [Left visual]
 101531 169.045      0   1 [Left Auditory] EOG 061 : 181.3 uV > 150.0 uV [omit]
 101905 169.668      0   4 [Right visual] EOG 061 : 177.5 uV > 150.0 uV [omit]
 102275 170.284      0   2 [Right Auditory]
 102711 171.010      0   3 [Left visual]
 103125 171.699      0   1 [Left Auditory]
 103485 172.298      0   4 [Right visual]
 103932 173.043      0   2 [Right Auditory]
 104311 173.674      0   3 [Left visual]
 104695 174.313      0   1 [Left Auditory] EOG 061 : 169.6 uV > 150.0 uV [omit]
 105076 174.947      0   4 [Right visual]
 105453 175.575      0   2 [Right Auditory] EOG 061 : 177.4 uV > 150.0 uV [omit]
 105872 176.273      0   3 [Left visual]
 106281 176.954      0   1 [Left Auditory]
 106756 177.744      0   4 [Right visual]
 107174 178.440      0   2 [Right Auditory]
 107651 179.235      0   3 [Left visual]
 108516 180.675      0   4 [Right visual]
 108929 181.362      0   2 [Right Auditory]
 109301 181.982      0   3 [Left visual]
 109733 182.701      0   1 [Left Auditory]
 110116 183.339      0   4 [Right visual]
 110485 183.953      0   2 [Right Auditory]
 110922 184.681      0   3 [Left visual]
 111333 185.365      0   1 [Left Auditory]
 111776 186.103      0   4 [Right visual] EOG 061 : 247.3 uV > 150.0 uV [omit]
 112193 186.797      0   2 [Right Auditory]
 112612 187.494      0   3 [Left visual] EOG 061 : 202.3 uV > 150.0 uV [omit]
 113036 188.200      0   1 [Left Auditory] EOG 061 : 341.7 uV > 150.0 uV [omit]
 113506 188.983      0   4 [Right visual] EOG 061 : 165.2 uV > 150.0 uV [omit]
 113937 189.701      0   2 [Right Auditory]
 114391 190.456      0   3 [Left visual]
 114812 191.157      0   1 [Left Auditory] EOG 061 : 349.4 uV > 150.0 uV [omit]
 115285 191.945      0   4 [Right visual] EOG 061 : 299.7 uV > 150.0 uV [omit]
 115762 192.739      0   2 [Right Auditory]
 116181 193.437      0   3 [Left visual]
 117026 194.844      0   4 [Right visual]
 117418 195.496      0   2 [Right Auditory]
 117871 196.251      0   3 [Left visual]
 118271 196.917      0   1 [Left Auditory]
 118745 197.706      0   4 [Right visual]
 119116 198.323      0   2 [Right Auditory]
 119491 198.948      0   3 [Left visual]
 119866 199.572      0   1 [Left Auditory]
 120285 200.270      0   4 [Right visual]
 120745 201.036      0   2 [Right Auditory]
 121211 201.811      0   3 [Left visual]
 121658 202.556      0   1 [Left Auditory]
 122055 203.217      0   4 [Right visual]
 122504 203.964      0   2 [Right Auditory]
 122921 204.659      0   3 [Left visual]
 123362 205.393      0   1 [Left Auditory]
 123755 206.047      0   4 [Right visual]
 124189 206.770      0   2 [Right Auditory]
 124630 207.504      0   3 [Left visual]
 125072 208.240      0   1 [Left Auditory]
 125465 208.894      0   4 [Right visual]
 125826 209.495      0   2 [Right Auditory]
 126626 210.827      0   1 [Left Auditory]
 127025 211.492      0   4 [Right visual] EOG 061 : 198.6 uV > 150.0 uV [omit]
 127411 212.134      0   2 [Right Auditory] EOG 061 : 182.4 uV > 150.0 uV [omit]
 127881 212.917      0   3 [Left visual]
 128280 213.581      0   1 [Left Auditory]
 128686 214.257      0   4 [Right visual]
